<?xml version="1.0" encoding="UTF-8"?>
<testsuite xmlns:xsi="http://www.w3.org/2001/XMLSchema-instance" xsi:noNamespaceSchemaLocation="https://maven.apache.org/surefire/maven-surefire-plugin/xsd/surefire-test-report.xsd" name="org.squishpe.junit5app.examples.models.AccountTest" time="7.03" tests="36" errors="2" skipped="6" failures="2">
  <properties>
    <property name="sun.desktop" value="windows"/>
    <property name="awt.toolkit" value="sun.awt.windows.WToolkit"/>
    <property name="java.specification.version" value="11"/>
    <property name="sun.cpu.isalist" value="amd64"/>
    <property name="sun.jnu.encoding" value="Cp1252"/>
    <property name="java.class.path" value="C:\TEMPORAL-STALYN\Ruta Aprendizaje Arquitecto de software\Junit5 y Mockito\junit_app\target\test-classes;C:\TEMPORAL-STALYN\Ruta Aprendizaje Arquitecto de software\Junit5 y Mockito\junit_app\target\classes;C:\Users\stali\.m2\repository\org\junit\jupiter\junit-jupiter\5.9.0\junit-jupiter-5.9.0.jar;C:\Users\stali\.m2\repository\org\junit\jupiter\junit-jupiter-api\5.9.0\junit-jupiter-api-5.9.0.jar;C:\Users\stali\.m2\repository\org\opentest4j\opentest4j\1.2.0\opentest4j-1.2.0.jar;C:\Users\stali\.m2\repository\org\junit\platform\junit-platform-commons\1.9.0\junit-platform-commons-1.9.0.jar;C:\Users\stali\.m2\repository\org\apiguardian\apiguardian-api\1.1.2\apiguardian-api-1.1.2.jar;C:\Users\stali\.m2\repository\org\junit\jupiter\junit-jupiter-params\5.9.0\junit-jupiter-params-5.9.0.jar;C:\Users\stali\.m2\repository\org\junit\jupiter\junit-jupiter-engine\5.9.0\junit-jupiter-engine-5.9.0.jar;C:\Users\stali\.m2\repository\org\junit\platform\junit-platform-engine\1.9.0\junit-platform-engine-1.9.0.jar;"/>
    <property name="java.vm.vendor" value="Oracle Corporation"/>
    <property name="sun.arch.data.model" value="64"/>
    <property name="user.variant" value=""/>
    <property name="java.vendor.url" value="https://openjdk.java.net/"/>
    <property name="user.timezone" value="America/Bogota"/>
    <property name="java.vm.specification.version" value="11"/>
    <property name="os.name" value="Windows 10"/>
    <property name="sun.java.launcher" value="SUN_STANDARD"/>
    <property name="user.country" value="ES"/>
    <property name="sun.boot.library.path" value="C:\TEMPORAL-STALYN\CURSOS\SPRING_BOOT\jdk_11\bin"/>
    <property name="sun.java.command" value="C:\Users\stali\AppData\Local\Temp\surefire5276917396156029890\surefirebooter1234961414666723560.jar C:\Users\stali\AppData\Local\Temp\surefire5276917396156029890 2022-08-05T07-02-44_731-jvmRun1 surefire17131113696195104039tmp surefire_09039458594534965800tmp"/>
    <property name="jdk.debug" value="release"/>
    <property name="surefire.test.class.path" value="C:\TEMPORAL-STALYN\Ruta Aprendizaje Arquitecto de software\Junit5 y Mockito\junit_app\target\test-classes;C:\TEMPORAL-STALYN\Ruta Aprendizaje Arquitecto de software\Junit5 y Mockito\junit_app\target\classes;C:\Users\stali\.m2\repository\org\junit\jupiter\junit-jupiter\5.9.0\junit-jupiter-5.9.0.jar;C:\Users\stali\.m2\repository\org\junit\jupiter\junit-jupiter-api\5.9.0\junit-jupiter-api-5.9.0.jar;C:\Users\stali\.m2\repository\org\opentest4j\opentest4j\1.2.0\opentest4j-1.2.0.jar;C:\Users\stali\.m2\repository\org\junit\platform\junit-platform-commons\1.9.0\junit-platform-commons-1.9.0.jar;C:\Users\stali\.m2\repository\org\apiguardian\apiguardian-api\1.1.2\apiguardian-api-1.1.2.jar;C:\Users\stali\.m2\repository\org\junit\jupiter\junit-jupiter-params\5.9.0\junit-jupiter-params-5.9.0.jar;C:\Users\stali\.m2\repository\org\junit\jupiter\junit-jupiter-engine\5.9.0\junit-jupiter-engine-5.9.0.jar;C:\Users\stali\.m2\repository\org\junit\platform\junit-platform-engine\1.9.0\junit-platform-engine-1.9.0.jar;"/>
    <property name="sun.cpu.endian" value="little"/>
    <property name="user.home" value="C:\Users\stali"/>
    <property name="user.language" value="es"/>
    <property name="java.specification.vendor" value="Oracle Corporation"/>
    <property name="java.version.date" value="2021-10-19"/>
    <property name="java.home" value="C:\TEMPORAL-STALYN\CURSOS\SPRING_BOOT\jdk_11"/>
    <property name="file.separator" value="\"/>
    <property name="basedir" value="C:\TEMPORAL-STALYN\Ruta Aprendizaje Arquitecto de software\Junit5 y Mockito\junit_app"/>
    <property name="java.vm.compressedOopsMode" value="Zero based"/>
    <property name="line.separator" value="&#10;"/>
    <property name="java.specification.name" value="Java Platform API Specification"/>
    <property name="java.vm.specification.vendor" value="Oracle Corporation"/>
    <property name="java.awt.graphicsenv" value="sun.awt.Win32GraphicsEnvironment"/>
    <property name="surefire.real.class.path" value="C:\Users\stali\AppData\Local\Temp\surefire5276917396156029890\surefirebooter1234961414666723560.jar"/>
    <property name="user.script" value=""/>
    <property name="sun.management.compiler" value="HotSpot 64-Bit Tiered Compilers"/>
    <property name="java.runtime.version" value="11.0.13+10-LTS-370"/>
    <property name="user.name" value="stali"/>
    <property name="path.separator" value=";"/>
    <property name="os.version" value="10.0"/>
    <property name="java.runtime.name" value="Java(TM) SE Runtime Environment"/>
    <property name="file.encoding" value="Cp1252"/>
    <property name="java.vm.name" value="Java HotSpot(TM) 64-Bit Server VM"/>
    <property name="java.vendor.version" value="18.9"/>
    <property name="localRepository" value="C:\Users\stali\.m2\repository"/>
    <property name="java.vendor.url.bug" value="https://bugreport.java.com/bugreport/"/>
    <property name="java.io.tmpdir" value="C:\Users\stali\AppData\Local\Temp\"/>
    <property name="idea.version" value="2022.1.3"/>
    <property name="java.version" value="11.0.13"/>
    <property name="user.dir" value="C:\TEMPORAL-STALYN\Ruta Aprendizaje Arquitecto de software\Junit5 y Mockito\junit_app"/>
    <property name="os.arch" value="amd64"/>
    <property name="java.vm.specification.name" value="Java Virtual Machine Specification"/>
    <property name="java.awt.printerjob" value="sun.awt.windows.WPrinterJob"/>
    <property name="sun.os.patch.level" value=""/>
    <property name="java.library.path" value="C:\TEMPORAL-STALYN\CURSOS\SPRING_BOOT\jdk_11\bin;C:\Windows\Sun\Java\bin;C:\Windows\system32;C:\Windows;C:\PRESTASHOP\EXTENCIONES WINDOWS\ImageMagick-7.1.0-Q16-HDRI;C:\Windows\system32;C:\Windows;C:\Windows\System32\Wbem;C:\Windows\System32\WindowsPowerShell\v1.0\;C:\Windows\System32\OpenSSH\;C:\Program Files\PuTTY\;C:\Program Files\Git\cmd;C:\Users\stali\AppData\Roaming\nvm;C:\Program Files\nodejs;C:\Program Files\Docker\Docker\resources\bin;C:\ProgramData\DockerDesktop\version-bin;C:\Program Files\nodejs\;C:\Program Files\MySQL\MySQL Server 8.0\bin;C:\ProgramData\chocolatey\bin;C:\Users\stali\AppData\Local\Programs\Python\Python39\Scripts\;C:\Users\stali\AppData\Local\Programs\Python\Python39\;C:\Users\stali\AppData\Local\Microsoft\WindowsApps;C:\Users\stali\AppData\Local\Programs\Microsoft VS Code\bin;C:\TEMPORAL-STALYN\CURSOS\SPRING_BOOT\jdk_11\bin;C:\Users\stali\AppData\Roaming\nvm;C:\Program Files\nodejs;C:\Users\stali\AppData\Roaming\npm;C:\Program Files\JetBrains\IntelliJ IDEA Community Edition 2022.1.3\bin;;."/>
    <property name="java.vendor" value="Oracle Corporation"/>
    <property name="java.vm.info" value="mixed mode"/>
    <property name="java.vm.version" value="11.0.13+10-LTS-370"/>
    <property name="sun.io.unicode.encoding" value="UnicodeLittle"/>
    <property name="java.class.version" value="55.0"/>
  </properties>
  <testcase name="testDebitAccount" classname="org.squishpe.junit5app.examples.models.AccountTest" time="0.25"/>
  <testcase name="testTimeOut" classname="org.squishpe.junit5app.examples.models.AccountTest" time="5.08">
    <error message="testTimeOut() timed out after 5 seconds" type="java.util.concurrent.TimeoutException">java.util.concurrent.TimeoutException: testTimeOut() timed out after 5 seconds
</error>
    <system-out><![CDATA[Init-Test
Executing: testTimeOut() testTimeOut
]]></system-out>
  </testcase>
  <testcase name="testBalanceAccount" classname="org.squishpe.junit5app.examples.models.AccountTest" time="0.004"/>
  <testcase name="testCountNameInfo" classname="org.squishpe.junit5app.examples.models.AccountTest" time="0.003"/>
  <testcase name="testOnlyJdk8" classname="org.squishpe.junit5app.examples.models.AccountTest" time="0">
    <skipped message="Disabled on JRE version: 11.0.13"/>
  </testcase>
  <testcase name="testBalanceAccountDev" classname="org.squishpe.junit5app.examples.models.AccountTest" time="0">
    <skipped message="Assumption failed: assumption is not true" type="org.opentest4j.TestAbortedException">org.opentest4j.TestAbortedException: Assumption failed: assumption is not true
	at org.squishpe.junit5app.examples.models.AccountTest.testBalanceAccountDev(AccountTest.java:179)
</skipped>
    <system-out><![CDATA[Init-Test
Executing: testBalanceAccountDev() testBalanceAccountDev
]]></system-out>
  </testcase>
  <testcase name="testDebitAccounBalancetParamsCsvSource{String, String}[1]" classname="org.squishpe.junit5app.examples.models.AccountTest" time="0.049"/>
  <testcase name="testDebitAccounBalancetParamsCsvSource{String, String}[2]" classname="org.squishpe.junit5app.examples.models.AccountTest" time="0.036"/>
  <testcase name="testDebitAccounBalancetParamsCsvSource{String, String}[3]" classname="org.squishpe.junit5app.examples.models.AccountTest" time="0.001"/>
  <testcase name="testDebitAccounBalancetParamsCsvSource{String, String}[4]" classname="org.squishpe.junit5app.examples.models.AccountTest" time="0">
    <failure message="expected: &lt;true&gt; but was: &lt;false&gt;" type="org.opentest4j.AssertionFailedError"><![CDATA[org.opentest4j.AssertionFailedError: expected: <true> but was: <false>
	at org.squishpe.junit5app.examples.models.AccountTest.testDebitAccounBalancetParamsCsvSource(AccountTest.java:227)
]]></failure>
    <system-out><![CDATA[Init-Test
Executing: number 4 executed with value 4, 1000.123456 testDebitAccounBalancetParamsCsvSource
]]></system-out>
  </testcase>
  <testcase name="testTimeOutMilliseconds" classname="org.squishpe.junit5app.examples.models.AccountTest" time="0.514">
    <error message="testTimeOutMilliseconds() timed out after 500 milliseconds" type="java.util.concurrent.TimeoutException">java.util.concurrent.TimeoutException: testTimeOutMilliseconds() timed out after 500 milliseconds
</error>
    <system-out><![CDATA[Init-Test
Executing: testTimeOutMilliseconds() testTimeOutMilliseconds
]]></system-out>
  </testcase>
  <testcase name="printSystemProperties" classname="org.squishpe.junit5app.examples.models.AccountTest" time="0.83"/>
  <testcase name="testDebitAccounBalancetParamsMethodSource{String}[1]" classname="org.squishpe.junit5app.examples.models.AccountTest" time="0"/>
  <testcase name="testDebitAccounBalancetParamsMethodSource{String}[2]" classname="org.squishpe.junit5app.examples.models.AccountTest" time="0"/>
  <testcase name="testDebitAccounBalancetParamsMethodSource{String}[3]" classname="org.squishpe.junit5app.examples.models.AccountTest" time="0.001"/>
  <testcase name="testDebitAccounBalancetParamsMethodSource{String}[4]" classname="org.squishpe.junit5app.examples.models.AccountTest" time="0"/>
  <testcase name="testRelationAccountBank" classname="org.squishpe.junit5app.examples.models.AccountTest" time="0"/>
  <testcase name="testDebitAccounBalancetParamsValueSource{String}[1]" classname="org.squishpe.junit5app.examples.models.AccountTest" time="0.001"/>
  <testcase name="testDebitAccounBalancetParamsValueSource{String}[2]" classname="org.squishpe.junit5app.examples.models.AccountTest" time="0"/>
  <testcase name="testDebitAccounBalancetParamsValueSource{String}[3]" classname="org.squishpe.junit5app.examples.models.AccountTest" time="0.001"/>
  <testcase name="testDebitAccounBalancetParamsValueSource{String}[4]" classname="org.squishpe.junit5app.examples.models.AccountTest" time="0">
    <failure message="expected: &lt;true&gt; but was: &lt;false&gt;" type="org.opentest4j.AssertionFailedError"><![CDATA[org.opentest4j.AssertionFailedError: expected: <true> but was: <false>
	at org.squishpe.junit5app.examples.models.AccountTest.testDebitAccounBalancetParamsValueSource(AccountTest.java:217)
]]></failure>
    <system-out><![CDATA[Init-Test
Executing: number 4 executed with value 1000.123456 testDebitAccounBalancetParamsValueSource
]]></system-out>
  </testcase>
  <testcase name="testBalanceAccountDevTwoRepeat{RepetitionInfo}[1]" classname="org.squishpe.junit5app.examples.models.AccountTest" time="0"/>
  <testcase name="testBalanceAccountDevTwoRepeat{RepetitionInfo}[2]" classname="org.squishpe.junit5app.examples.models.AccountTest" time="0.001"/>
  <testcase name="testBalanceAccountDevTwoRepeat{RepetitionInfo}[3]" classname="org.squishpe.junit5app.examples.models.AccountTest" time="0"/>
  <testcase name="testBalanceAccountDevTwoRepeat{RepetitionInfo}[4]" classname="org.squishpe.junit5app.examples.models.AccountTest" time="0.001"/>
  <testcase name="testBalanceAccountDevTwoRepeat{RepetitionInfo}[5]" classname="org.squishpe.junit5app.examples.models.AccountTest" time="0"/>
  <testcase name="testInsufficientMoneyException" classname="org.squishpe.junit5app.examples.models.AccountTest" time="0"/>
  <testcase name="testIfSystemProperties" classname="org.squishpe.junit5app.examples.models.AccountTest" time="0">
    <skipped message="System property [java.version] with value [11.0.13] does not match regular expression [15.0.1]"/>
  </testcase>
  <testcase name="testCreditAccount" classname="org.squishpe.junit5app.examples.models.AccountTest" time="0.001"/>
  <testcase name="testReferenceAccount" classname="org.squishpe.junit5app.examples.models.AccountTest" time="0"/>
  <testcase name="testBalanceAccountDevTwo" classname="org.squishpe.junit5app.examples.models.AccountTest" time="0.002"/>
  <testcase name="testCountName" classname="org.squishpe.junit5app.examples.models.AccountTest" time="0.001"/>
  <testcase name="testEnvironmentNoWindows" classname="org.squishpe.junit5app.examples.models.AccountTest$operatingSystemTest" time="0">
    <skipped message="Disabled on operating system: Windows 10"/>
  </testcase>
  <testcase name="testEnvironmentLinux" classname="org.squishpe.junit5app.examples.models.AccountTest$operatingSystemTest" time="0">
    <skipped message="Disabled on operating system: Windows 10"/>
  </testcase>
  <testcase name="testEnvironmentWindows" classname="org.squishpe.junit5app.examples.models.AccountTest$operatingSystemTest" time="0"/>
  <testcase name="testEnvironmentLinuxAndMac" classname="org.squishpe.junit5app.examples.models.AccountTest$operatingSystemTest" time="0">
    <skipped message="Disabled on operating system: Windows 10"/>
  </testcase>
</testsuite>