<?xml version="1.0" encoding="UTF-8"?>
<testsuite xmlns:xsi="http://www.w3.org/2001/XMLSchema-instance" xsi:noNamespaceSchemaLocation="https://maven.apache.org/surefire/maven-surefire-plugin/xsd/surefire-test-report.xsd" name="org.squishpe.junit5app.examples.models.AccountTest" time="7.03" tests="36" errors="2" skipped="6" failures="2">
  <properties>
[...]
</properties>
  <testcase name="testDebitAccount" classname="org.squishpe.junit5app.examples.models.AccountTest" time="0.25"/>
  <testcase name="testTimeOut" classname="org.squishpe.junit5app.examples.models.AccountTest" time="5.08">
    <error message="testTimeOut() timed out after 5 seconds" type="java.util.concurrent.TimeoutException">java.util.concurrent.TimeoutException: testTimeOut() timed out after 5 seconds
</error>
    <system-out><![CDATA[Init-Test
Executing: testTimeOut() testTimeOut
]]></system-out>
  </testcase>
  <testcase name="testBalanceAccount" classname="org.squishpe.junit5app.examples.models.AccountTest" time="0.004"/>
  <testcase name="testCountNameInfo" classname="org.squishpe.junit5app.examples.models.AccountTest" time="0.003"/>
  <testcase name="testOnlyJdk8" classname="org.squishpe.junit5app.examples.models.AccountTest" time="0">
    <skipped message="Disabled on JRE version: 11.0.13"/>
  </testcase>
  <testcase name="testBalanceAccountDev" classname="org.squishpe.junit5app.examples.models.AccountTest" time="0">
    <skipped message="Assumption failed: assumption is not true" type="org.opentest4j.TestAbortedException">org.opentest4j.TestAbortedException: Assumption failed: assumption is not true
	at org.squishpe.junit5app.examples.models.AccountTest.testBalanceAccountDev(AccountTest.java:179)
</skipped>
    <system-out><![CDATA[Init-Test
Executing: testBalanceAccountDev() testBalanceAccountDev
]]></system-out>
  </testcase>
  <testcase name="testDebitAccounBalancetParamsCsvSource{String, String}[1]" classname="org.squishpe.junit5app.examples.models.AccountTest" time="0.049"/>
  <testcase name="testDebitAccounBalancetParamsCsvSource{String, String}[2]" classname="org.squishpe.junit5app.examples.models.AccountTest" time="0.036"/>
  <testcase name="testDebitAccounBalancetParamsCsvSource{String, String}[3]" classname="org.squishpe.junit5app.examples.models.AccountTest" time="0.001"/>
  <testcase name="testDebitAccounBalancetParamsCsvSource{String, String}[4]" classname="org.squishpe.junit5app.examples.models.AccountTest" time="0">
    <failure message="expected: &lt;true&gt; but was: &lt;false&gt;" type="org.opentest4j.AssertionFailedError"><![CDATA[org.opentest4j.AssertionFailedError: expected: <true> but was: <false>
	at org.squishpe.junit5app.examples.models.AccountTest.testDebitAccounBalancetParamsCsvSource(AccountTest.java:227)
]]></failure>
    <system-out><![CDATA[Init-Test
Executing: number 4 executed with value 4, 1000.123456 testDebitAccounBalancetParamsCsvSource
]]></system-out>
  </testcase>
  <testcase name="testTimeOutMilliseconds" classname="org.squishpe.junit5app.examples.models.AccountTest" time="0.514">
    <error message="testTimeOutMilliseconds() timed out after 500 milliseconds" type="java.util.concurrent.TimeoutException">java.util.concurrent.TimeoutException: testTimeOutMilliseconds() timed out after 500 milliseconds
</error>
    <system-out><![CDATA[Init-Test
Executing: testTimeOutMilliseconds() testTimeOutMilliseconds
]]></system-out>
  </testcase>
  <testcase name="printSystemProperties" classname="org.squishpe.junit5app.examples.models.AccountTest" time="0.83"/>
  <testcase name="testDebitAccounBalancetParamsMethodSource{String}[1]" classname="org.squishpe.junit5app.examples.models.AccountTest" time="0"/>
  <testcase name="testDebitAccounBalancetParamsMethodSource{String}[2]" classname="org.squishpe.junit5app.examples.models.AccountTest" time="0"/>
  <testcase name="testDebitAccounBalancetParamsMethodSource{String}[3]" classname="org.squishpe.junit5app.examples.models.AccountTest" time="0.001"/>
  <testcase name="testDebitAccounBalancetParamsMethodSource{String}[4]" classname="org.squishpe.junit5app.examples.models.AccountTest" time="0"/>
  <testcase name="testRelationAccountBank" classname="org.squishpe.junit5app.examples.models.AccountTest" time="0"/>
  <testcase name="testDebitAccounBalancetParamsValueSource{String}[1]" classname="org.squishpe.junit5app.examples.models.AccountTest" time="0.001"/>
  <testcase name="testDebitAccounBalancetParamsValueSource{String}[2]" classname="org.squishpe.junit5app.examples.models.AccountTest" time="0"/>
  <testcase name="testDebitAccounBalancetParamsValueSource{String}[3]" classname="org.squishpe.junit5app.examples.models.AccountTest" time="0.001"/>
  <testcase name="testDebitAccounBalancetParamsValueSource{String}[4]" classname="org.squishpe.junit5app.examples.models.AccountTest" time="0">
    <failure message="expected: &lt;true&gt; but was: &lt;false&gt;" type="org.opentest4j.AssertionFailedError"><![CDATA[org.opentest4j.AssertionFailedError: expected: <true> but was: <false>
	at org.squishpe.junit5app.examples.models.AccountTest.testDebitAccounBalancetParamsValueSource(AccountTest.java:217)
]]></failure>
    <system-out><![CDATA[Init-Test
Executing: number 4 executed with value 1000.123456 testDebitAccounBalancetParamsValueSource
]]></system-out>
  </testcase>
  <testcase name="testBalanceAccountDevTwoRepeat{RepetitionInfo}[1]" classname="org.squishpe.junit5app.examples.models.AccountTest" time="0"/>
  <testcase name="testBalanceAccountDevTwoRepeat{RepetitionInfo}[2]" classname="org.squishpe.junit5app.examples.models.AccountTest" time="0.001"/>
  <testcase name="testBalanceAccountDevTwoRepeat{RepetitionInfo}[3]" classname="org.squishpe.junit5app.examples.models.AccountTest" time="0"/>
  <testcase name="testBalanceAccountDevTwoRepeat{RepetitionInfo}[4]" classname="org.squishpe.junit5app.examples.models.AccountTest" time="0.001"/>
  <testcase name="testBalanceAccountDevTwoRepeat{RepetitionInfo}[5]" classname="org.squishpe.junit5app.examples.models.AccountTest" time="0"/>
  <testcase name="testInsufficientMoneyException" classname="org.squishpe.junit5app.examples.models.AccountTest" time="0"/>
  <testcase name="testIfSystemProperties" classname="org.squishpe.junit5app.examples.models.AccountTest" time="0">
    <skipped message="System property [java.version] with value [11.0.13] does not match regular expression [15.0.1]"/>
  </testcase>
  <testcase name="testCreditAccount" classname="org.squishpe.junit5app.examples.models.AccountTest" time="0.001"/>
  <testcase name="testReferenceAccount" classname="org.squishpe.junit5app.examples.models.AccountTest" time="0"/>
  <testcase name="testBalanceAccountDevTwo" classname="org.squishpe.junit5app.examples.models.AccountTest" time="0.002"/>
  <testcase name="testCountName" classname="org.squishpe.junit5app.examples.models.AccountTest" time="0.001"/>
  <testcase name="testEnvironmentNoWindows" classname="org.squishpe.junit5app.examples.models.AccountTest$operatingSystemTest" time="0">
    <skipped message="Disabled on operating system: Windows 10"/>
  </testcase>
  <testcase name="testEnvironmentLinux" classname="org.squishpe.junit5app.examples.models.AccountTest$operatingSystemTest" time="0">
    <skipped message="Disabled on operating system: Windows 10"/>
  </testcase>
  <testcase name="testEnvironmentWindows" classname="org.squishpe.junit5app.examples.models.AccountTest$operatingSystemTest" time="0"/>
  <testcase name="testEnvironmentLinuxAndMac" classname="org.squishpe.junit5app.examples.models.AccountTest$operatingSystemTest" time="0">
    <skipped message="Disabled on operating system: Windows 10"/>
  </testcase>
</testsuite>